node.exe : Debugger listening on 
ws://127.0.0.1:64003/c42fb4cc-1bed-4a87-9cf5-56f20fa41cee
At line:1 char:1
+ & "C:\Program Files\nodejs/node.exe" "C:\Program Files\nodejs/node_mo ...
+ ~~~~~~~~~~~~~~~~~~~~~~~~~~~~~~~~~~~~~~~~~~~~~~~~~~~~~~~~~~~~~~~~~~~~~
    + CategoryInfo          : NotSpecified: (Debugger listen...f5-56f20fa41cee:String) 
    [], RemoteException
    + FullyQualifiedErrorId : NativeCommandError
 
For help, see: https://nodejs.org/en/docs/inspector
Debugger attached.
Debugger listening on ws://127.0.0.1:65176/86731f87-731c-4d8e-be90-b35b89e0fe2d
For help, see: https://nodejs.org/en/docs/inspector
Debugger attached.
 â Attempted to load @next/swc-win32-x64-msvc, but an error occurred: A dynamic link 
library (DLL) initialization routine failed.
\\?\D:\deploy_web\Khainguyenpharma\commerce\node_modules\.pnpm\@next+swc-win32-x64-msvc
@15.5.7\node_modules\@next\swc-win32-x64-msvc\next-swc.win32-x64-msvc.node
   â–² Next.js 15.5.9
   - Environments: .env

   Creating an optimized production build ...
Debugger listening on ws://127.0.0.1:65187/82fc6466-f4e9-4e6c-85d5-92cfaa3cb0d9
For help, see: https://nodejs.org/en/docs/inspector
Debugger attached.
 â Attempted to load @next/swc-win32-x64-msvc, but an error occurred: A dynamic link 
library (DLL) initialization routine failed.
\\?\D:\deploy_web\Khainguyenpharma\commerce\node_modules\.pnpm\@next+swc-win32-x64-msvc
@15.5.7\node_modules\@next\swc-win32-x64-msvc\next-swc.win32-x64-msvc.node
Debugger listening on ws://127.0.0.1:65191/de0b029e-f539-4a99-814c-d723313d90dc
For help, see: https://nodejs.org/en/docs/inspector
Debugger attached.
 â Attempted to load @next/swc-win32-x64-msvc, but an error occurred: A dynamic link 
library (DLL) initialization routine failed.
\\?\D:\deploy_web\Khainguyenpharma\commerce\node_modules\.pnpm\@next+swc-win32-x64-msvc
@15.5.7\node_modules\@next\swc-win32-x64-msvc\next-swc.win32-x64-msvc.node
Failed to compile.

./app/(main)/page.tsx:6:1
Module not found: Can't resolve './components/CategoryItem'
  4 | import Image from "next/image";
  5 | import Link from "next/link";
> 6 | import { CategoryItem } from "./components/CategoryItem";
    | ^
  7 | import { RippleText } from "./components/RippleText";
  8 |
  9 | export const metadata = {

https://nextjs.org/docs/messages/module-not-found

Import trace for requested module:
./node_modules/.pnpm/next@15.5.9_react-dom@18.3.1_react@18.3.1__react@18.3.1/node_modul
es/next/dist/build/webpack/loaders/next-edge-ssr-loader/index.js?{"absolute500Path":"",
"absoluteAppPath":"next/dist/pages/_app","absoluteDocumentPath":"next/dist/pages/_docum
ent","absoluteErrorPath":"next/dist/pages/_error","absolutePagePath":"private-next-app-
dir/(main)/page.tsx","dev":false,"isServerComponent":true,"page":"/(main)/page","string
ifiedConfig":"eyJlbnYiOnt9LCJ3ZWJwYWNrIjpudWxsLCJlc2xpbnQiOnsiaWdub3JlRHVyaW5nQnVpbGRzI
jpmYWxzZX0sInR5cGVzY3JpcHQiOnsiaWdub3JlQnVpbGRFcnJvcnMiOmZhbHNlLCJ0c2NvbmZpZ1BhdGgiOiJ0
c2NvbmZpZy5qc29uIn0sInR5cGVkUm91dGVzIjpmYWxzZSwiZGlzdERpciI6Ii5uZXh0IiwiY2xlYW5EaXN0RGl
yIjp0cnVlLCJhc3NldFByZWZpeCI6IiIsImNhY2hlTWF4TWVtb3J5U2l6ZSI6NTI0Mjg4MDAsImNvbmZpZ09yaW
dpbiI6Im5leHQuY29uZmlnLnRzIiwidXNlRmlsZVN5c3RlbVB1YmxpY1JvdXRlcyI6dHJ1ZSwiZ2VuZXJhdGVFd
GFncyI6dHJ1ZSwicGFnZUV4dGVuc2lvbnMiOlsidHN4IiwidHMiLCJqc3giLCJqcyJdLCJwb3dlcmVkQnlIZWFk
ZXIiOnRydWUsImNvbXByZXNzIjp0cnVlLCJpbWFnZXMiOnsiZGV2aWNlU2l6ZXMiOls2NDAsNzUwLDgyOCwxMDg
wLDEyMDAsMTkyMCwyMDQ4LDM4NDBdLCJpbWFnZVNpemVzIjpbMTYsMzIsNDgsNjQsOTYsMTI4LDI1NiwzODRdLC
JwYXRoIjoiL19uZXh0L2ltYWdlIiwibG9hZGVyIjoiZGVmYXVsdCIsImxvYWRlckZpbGUiOiIiLCJkb21haW5zI
jpbXSwiZGlzYWJsZVN0YXRpY0ltYWdlcyI6ZmFsc2UsIm1pbmltdW1DYWNoZVRUTCI6NjAsImZvcm1hdHMiOlsi
aW1hZ2UvYXZpZiIsImltYWdlL3dlYnAiXSwiZGFuZ2Vyb3VzbHlBbGxvd1NWRyI6ZmFsc2UsImNvbnRlbnRTZWN
1cml0eVBvbGljeSI6InNjcmlwdC1zcmMgJ25vbmUnOyBmcmFtZS1zcmMgJ25vbmUnOyBzYW5kYm94OyIsImNvbn
RlbnREaXNwb3NpdGlvblR5cGUiOiJhdHRhY2htZW50IiwicmVtb3RlUGF0dGVybnMiOlt7InByb3RvY29sIjoia
HR0cHMiLCJob3N0bmFtZSI6ImNkbi5zaG9waWZ5LmNvbSIsInBhdGhuYW1lIjoiL3MvZmlsZXMvKioifSx7InBy
b3RvY29sIjoiaHR0cHMiLCJob3N0bmFtZSI6InZpYS5wbGFjZWhvbGRlci5jb20iLCJwYXRobmFtZSI6Ii8qKiJ
9LHsicHJvdG9jb2wiOiJodHRwIiwiaG9zdG5hbWUiOiJsb2NhbGhvc3QiLCJwb3J0IjoiMzAwMSIsInBhdGhuYW
1lIjoiL3VwbG9hZHMvKioifSx7InByb3RvY29sIjoiaHR0cHMiLCJob3N0bmFtZSI6ImtoYWluZ3V5ZW5waGFyb
WEub25yZW5kZXIuY29tIiwicGF0aG5hbWUiOiIvdXBsb2Fkcy8qKiJ9LHsicHJvdG9jb2wiOiJodHRwcyIsImhv
c3RuYW1lIjoicmVzLmNsb3VkaW5hcnkuY29tIiwicGF0aG5hbWUiOiIvKioifV0sInVub3B0aW1pemVkIjpmYWx
zZX0sImRldkluZGljYXRvcnMiOnsicG9zaXRpb24iOiJib3R0b20tbGVmdCJ9LCJvbkRlbWFuZEVudHJpZXMiOn
sibWF4SW5hY3RpdmVBZ2UiOjYwMDAwLCJwYWdlc0J1ZmZlckxlbmd0aCI6NX0sImFtcCI6eyJjYW5vbmljYWxCY
XNlIjoiIn0sImJhc2VQYXRoIjoiIiwic2Fzc09wdGlvbnMiOnt9LCJ0cmFpbGluZ1NsYXNoIjpmYWxzZSwiaTE4
biI6bnVsbCwicHJvZHVjdGlvbkJyb3dzZXJTb3VyY2VNYXBzIjpmYWxzZSwiZXhjbHVkZURlZmF1bHRNb21lbnR
Mb2NhbGVzIjp0cnVlLCJzZXJ2ZXJSdW50aW1lQ29uZmlnIjp7fSwicHVibGljUnVudGltZUNvbmZpZyI6e30sIn
JlYWN0UHJvZHVjdGlvblByb2ZpbGluZyI6ZmFsc2UsInJlYWN0U3RyaWN0TW9kZSI6bnVsbCwicmVhY3RNYXhIZ
WFkZXJzTGVuZ3RoIjo2MDAwLCJodHRwQWdlbnRPcHRpb25zIjp7ImtlZXBBbGl2ZSI6dHJ1ZX0sImxvZ2dpbmci
Ont9LCJjb21waWxlciI6e30sImV4cGlyZVRpbWUiOjMxNTM2MDAwLCJzdGF0aWNQYWdlR2VuZXJhdGlvblRpbWV
vdXQiOjYwLCJtb2R1bGFyaXplSW1wb3J0cyI6eyJAbXVpL2ljb25zLW1hdGVyaWFsIjp7InRyYW5zZm9ybSI6Ik
BtdWkvaWNvbnMtbWF0ZXJpYWwve3ttZW1iZXJ9fSJ9LCJsb2Rhc2giOnsidHJhbnNmb3JtIjoibG9kYXNoL3t7b
WVtYmVyfX0ifX0sIm91dHB1dEZpbGVUcmFjaW5nUm9vdCI6IkQ6XFxkZXBsb3lfd2ViXFxLaGFpbmd1eWVucGhh
cm1hXFxjb21tZXJjZSIsImV4cGVyaW1lbnRhbCI6eyJ1c2VTa2V3Q29va2llIjpmYWxzZSwiY2FjaGVMaWZlIjp
7ImRlZmF1bHQiOnsic3RhbGUiOjMwMCwicmV2YWxpZGF0ZSI6OTAwLCJleHBpcmUiOjQyOTQ5NjcyOTR9LCJzZW
NvbmRzIjp7InN0YWxlIjozMCwicmV2YWxpZGF0ZSI6MSwiZXhwaXJlIjo2MH0sIm1pbnV0ZXMiOnsic3RhbGUiO
jMwMCwicmV2YWxpZGF0ZSI6NjAsImV4cGlyZSI6MzYwMH0sImhvdXJzIjp7InN0YWxlIjozMDAsInJldmFsaWRh
dGUiOjM2MDAsImV4cGlyZSI6ODY0MDB9LCJkYXlzIjp7InN0YWxlIjozMDAsInJldmFsaWRhdGUiOjg2NDAwLCJ
leHBpcmUiOjYwNDgwMH0sIndlZWtzIjp7InN0YWxlIjozMDAsInJldmFsaWRhdGUiOjYwNDgwMCwiZXhwaXJlIj
oyNTkyMDAwfSwibWF4Ijp7InN0YWxlIjozMDAsInJldmFsaWRhdGUiOjI1OTIwMDAsImV4cGlyZSI6NDI5NDk2N
zI5NH19LCJjYWNoZUhhbmRsZXJzIjp7fSwiY3NzQ2h1bmtpbmciOnRydWUsIm11bHRpWm9uZURyYWZ0TW9kZSI6
ZmFsc2UsImFwcE5hdkZhaWxIYW5kbGluZyI6ZmFsc2UsInByZXJlbmRlckVhcmx5RXhpdCI6dHJ1ZSwic2VydmV
yTWluaWZpY2F0aW9uIjp0cnVlLCJzZXJ2ZXJTb3VyY2VNYXBzIjpmYWxzZSwibGlua05vVG91Y2hTdGFydCI6Zm
Fsc2UsImNhc2VTZW5zaXRpdmVSb3V0ZXMiOmZhbHNlLCJjbGllbnRTZWdtZW50Q2FjaGUiOmZhbHNlLCJjbGllb
nRQYXJhbVBhcnNpbmciOmZhbHNlLCJkeW5hbWljT25Ib3ZlciI6ZmFsc2UsInByZWxvYWRFbnRyaWVzT25TdGFy
dCI6dHJ1ZSwiY2xpZW50Um91dGVyRmlsdGVyIjp0cnVlLCJjbGllbnRSb3V0ZXJGaWx0ZXJSZWRpcmVjdHMiOmZ
hbHNlLCJmZXRjaENhY2hlS2V5UHJlZml4IjoiIiwibWlkZGxld2FyZVByZWZldGNoIjoiZmxleGlibGUiLCJvcH
RpbWlzdGljQ2xpZW50Q2FjaGUiOnRydWUsIm1hbnVhbENsaWVudEJhc2VQYXRoIjpmYWxzZSwiY3B1cyI6MTksI
m1lbW9yeUJhc2VkV29ya2Vyc0NvdW50IjpmYWxzZSwiaW1nT3B0Q29uY3VycmVuY3kiOm51bGwsImltZ09wdFRp
bWVvdXRJblNlY29uZHMiOjcsImltZ09wdE1heElucHV0UGl4ZWxzIjoyNjg0MDI2ODksImltZ09wdFNlcXVlbnR
pYWxSZWFkIjpudWxsLCJpbWdPcHRTa2lwTWV0YWRhdGEiOm51bGwsImlzckZsdXNoVG9EaXNrIjp0cnVlLCJ3b3
JrZXJUaHJlYWRzIjpmYWxzZSwib3B0aW1pemVDc3MiOmZhbHNlLCJuZXh0U2NyaXB0V29ya2VycyI6ZmFsc2UsI
nNjcm9sbFJlc3RvcmF0aW9uIjpmYWxzZSwiZXh0ZXJuYWxEaXIiOmZhbHNlLCJkaXNhYmxlT3B0aW1pemVkTG9h
ZGluZyI6ZmFsc2UsImd6aXBTaXplIjp0cnVlLCJjcmFDb21wYXQiOmZhbHNlLCJlc21FeHRlcm5hbHMiOnRydWU
sImZ1bGx5U3BlY2lmaWVkIjpmYWxzZSwic3djVHJhY2VQcm9maWxpbmciOmZhbHNlLCJmb3JjZVN3Y1RyYW5zZm
9ybXMiOmZhbHNlLCJsYXJnZVBhZ2VEYXRhQnl0ZXMiOjEyODAwMCwidHlwZWRFbnYiOmZhbHNlLCJwYXJhbGxlb
FNlcnZlckNvbXBpbGVzIjpmYWxzZSwicGFyYWxsZWxTZXJ2ZXJCdWlsZFRyYWNlcyI6ZmFsc2UsInBwciI6ZmFs
c2UsImF1dGhJbnRlcnJ1cHRzIjpmYWxzZSwid2VicGFja01lbW9yeU9wdGltaXphdGlvbnMiOmZhbHNlLCJvcHR
pbWl6ZVNlcnZlclJlYWN0Ijp0cnVlLCJ2aWV3VHJhbnNpdGlvbiI6ZmFsc2UsInJvdXRlckJGQ2FjaGUiOmZhbH
NlLCJyZW1vdmVVbmNhdWdodEVycm9yQW5kUmVqZWN0aW9uTGlzdGVuZXJzIjpmYWxzZSwidmFsaWRhdGVSU0NSZ
XF1ZXN0SGVhZGVycyI6ZmFsc2UsInN0YWxlVGltZXMiOnsiZHluYW1pYyI6MCwic3RhdGljIjozMDB9LCJzZXJ2
ZXJDb21wb25lbnRzSG1yQ2FjaGUiOnRydWUsInN0YXRpY0dlbmVyYXRpb25NYXhDb25jdXJyZW5jeSI6OCwic3R
hdGljR2VuZXJhdGlvbk1pblBhZ2VzUGVyV29ya2VyIjoyNSwiY2FjaGVDb21wb25lbnRzIjpmYWxzZSwiaW5saW
5lQ3NzIjpmYWxzZSwidXNlQ2FjaGUiOmZhbHNlLCJnbG9iYWxOb3RGb3VuZCI6ZmFsc2UsImRldnRvb2xTZWdtZ
W50RXhwbG9yZXIiOnRydWUsImJyb3dzZXJEZWJ1Z0luZm9JblRlcm1pbmFsIjpmYWxzZSwib3B0aW1pemVSb3V0
ZXJTY3JvbGxpbmciOmZhbHNlLCJtaWRkbGV3YXJlQ2xpZW50TWF4Qm9keVNpemUiOjEwNDg1NzYwLCJvcHRpbWl
6ZVBhY2thZ2VJbXBvcnRzIjpbImx1Y2lkZS1yZWFjdCIsImRhdGUtZm5zIiwibG9kYXNoLWVzIiwicmFtZGEiLC
JhbnRkIiwicmVhY3QtYm9vdHN0cmFwIiwiYWhvb2tzIiwiQGFudC1kZXNpZ24vaWNvbnMiLCJAaGVhZGxlc3N1a
S9yZWFjdCIsIkBoZWFkbGVzc3VpLWZsb2F0L3JlYWN0IiwiQGhlcm9pY29ucy9yZWFjdC8yMC9zb2xpZCIsIkBo
ZXJvaWNvbnMvcmVhY3QvMjQvc29saWQiLCJAaGVyb2ljb25zL3JlYWN0LzI0L291dGxpbmUiLCJAdmlzeC92aXN
4IiwiQHRyZW1vci9yZWFjdCIsInJ4anMiLCJAbXVpL21hdGVyaWFsIiwiQG11aS9pY29ucy1tYXRlcmlhbCIsIn
JlY2hhcnRzIiwicmVhY3QtdXNlIiwiZWZmZWN0IiwiQGVmZmVjdC9zY2hlbWEiLCJAZWZmZWN0L3BsYXRmb3JtI
iwiQGVmZmVjdC9wbGF0Zm9ybS1ub2RlIiwiQGVmZmVjdC9wbGF0Zm9ybS1icm93c2VyIiwiQGVmZmVjdC9wbGF0
Zm9ybS1idW4iLCJAZWZmZWN0L3NxbCIsIkBlZmZlY3Qvc3FsLW1zc3FsIiwiQGVmZmVjdC9zcWwtbXlzcWwyIiw
iQGVmZmVjdC9zcWwtcGciLCJAZWZmZWN0L3NxbC1zcWxpdGUtbm9kZSIsIkBlZmZlY3Qvc3FsLXNxbGl0ZS1idW
4iLCJAZWZmZWN0L3NxbC1zcWxpdGUtd2FzbSIsIkBlZmZlY3Qvc3FsLXNxbGl0ZS1yZWFjdC1uYXRpdmUiLCJAZ
WZmZWN0L3JwYyIsIkBlZmZlY3QvcnBjLWh0dHAiLCJAZWZmZWN0L3R5cGVjbGFzcyIsIkBlZmZlY3QvZXhwZXJp
bWVudGFsIiwiQGVmZmVjdC9vcGVudGVsZW1ldHJ5IiwiQG1hdGVyaWFsLXVpL2NvcmUiLCJAbWF0ZXJpYWwtdWk
vaWNvbnMiLCJAdGFibGVyL2ljb25zLXJlYWN0IiwibXVpLWNvcmUiLCJyZWFjdC1pY29ucy9haSIsInJlYWN0LW
ljb25zL2JpIiwicmVhY3QtaWNvbnMvYnMiLCJyZWFjdC1pY29ucy9jZyIsInJlYWN0LWljb25zL2NpIiwicmVhY
3QtaWNvbnMvZGkiLCJyZWFjdC1pY29ucy9mYSIsInJlYWN0LWljb25zL2ZhNiIsInJlYWN0LWljb25zL2ZjIiwi
cmVhY3QtaWNvbnMvZmkiLCJyZWFjdC1pY29ucy9naSIsInJlYWN0LWljb25zL2dvIiwicmVhY3QtaWNvbnMvZ3I
iLCJyZWFjdC1pY29ucy9oaSIsInJlYWN0LWljb25zL2hpMiIsInJlYWN0LWljb25zL2ltIiwicmVhY3QtaWNvbn
MvaW8iLCJyZWFjdC1pY29ucy9pbzUiLCJyZWFjdC1pY29ucy9saWEiLCJyZWFjdC1pY29ucy9saWIiLCJyZWFjd
C1pY29ucy9sdSIsInJlYWN0LWljb25zL21kIiwicmVhY3QtaWNvbnMvcGkiLCJyZWFjdC1pY29ucy9yaSIsInJl
YWN0LWljb25zL3J4IiwicmVhY3QtaWNvbnMvc2kiLCJyZWFjdC1pY29ucy9zbCIsInJlYWN0LWljb25zL3RiIiw
icmVhY3QtaWNvbnMvdGZpIiwicmVhY3QtaWNvbnMvdGkiLCJyZWFjdC1pY29ucy92c2MiLCJyZWFjdC1pY29ucy
93aSJdfSwiaHRtbExpbWl0ZWRCb3RzIjoiW1xcdy1dKy1Hb29nbGV8R29vZ2xlLVtcXHctXSt8Q2hyb21lLUxpZ
2h0aG91c2V8U2x1cnB8RHVja0R1Y2tCb3R8YmFpZHVzcGlkZXJ8eWFuZGV4fHNvZ291fGJpdGx5Ym90fHR1bWJs
cnx2a1NoYXJlfHF1b3JhIGxpbmsgcHJldmlld3xyZWRkaXRib3R8aWFfYXJjaGl2ZXJ8QmluZ2JvdHxCaW5nUHJ
ldmlld3xhcHBsZWJvdHxmYWNlYm9va2V4dGVybmFsaGl0fGZhY2Vib29rY2F0YWxvZ3xUd2l0dGVyYm90fExpbm
tlZEluQm90fFNsYWNrYm90fERpc2NvcmRib3R8V2hhdHNBcHB8U2t5cGVVcmlQcmV2aWV3fFlldGl8Z29vZ2xld
2VibGlnaHQiLCJidW5kbGVQYWdlc1JvdXRlckRlcGVuZGVuY2llcyI6ZmFsc2UsImNvbmZpZ0ZpbGUiOiJEOlxc
ZGVwbG95X3dlYlxcS2hhaW5ndXllbnBoYXJtYVxcY29tbWVyY2VcXG5leHQuY29uZmlnLnRzIiwiY29uZmlnRml
sZU5hbWUiOiJuZXh0LmNvbmZpZy50cyIsInR1cmJvcGFjayI6eyJyb290IjoiRDpcXGRlcGxveV93ZWJcXEtoYW
luZ3V5ZW5waGFybWFcXGNvbW1lcmNlIn19","pagesType":"app","appDirLoader":"bmV4dC1hcHAtbG9hZ
GVyP25hbWU9YXBwJTJGKG1haW4pJTJGcGFnZSZwYWdlPSUyRihtYWluKSUyRnBhZ2UmcGFnZVBhdGg9cHJpdmF0
ZS1uZXh0LWFwcC1kaXIlMkYobWFpbiklMkZwYWdlLnRzeCZhcHBEaXI9RCUzQSU1Q2RlcGxveV93ZWIlNUNLaGF
pbmd1eWVucGhhcm1hJTVDY29tbWVyY2UlNUNhcHAmYXBwUGF0aHM9JTJGKG1haW4pJTJGcGFnZSZwYWdlRXh0ZW
5zaW9ucz10c3gmcGFnZUV4dGVuc2lvbnM9dHMmcGFnZUV4dGVuc2lvbnM9anN4JnBhZ2VFeHRlbnNpb25zPWpzJ
mJhc2VQYXRoPSZhc3NldFByZWZpeD0mbmV4dENvbmZpZ091dHB1dD0mcHJlZmVycmVkUmVnaW9uPSZtaWRkbGV3
YXJlQ29uZmlnPWUzMCUzRCZpc0dsb2JhbE5vdEZvdW5kRW5hYmxlZD0h","sriEnabled":false,"middlewar
eConfig":"e30=","cacheHandlers":"{}"}!

./app/(main)/page.tsx:7:1
Module not found: Can't resolve './components/RippleText'
   5 | import Link from "next/link";
   6 | import { CategoryItem } from "./components/CategoryItem";
>  7 | import { RippleText } from "./components/RippleText";
     | ^
   8 |
   9 | export const metadata = {
  10 |   title: "Kháº£i NguyĂªn Pharma - DÆ°á»£c pháº©m uy tĂ­n",

https://nextjs.org/docs/messages/module-not-found

Import trace for requested module:
./node_modules/.pnpm/next@15.5.9_react-dom@18.3.1_react@18.3.1__react@18.3.1/node_modul
es/next/dist/build/webpack/loaders/next-edge-ssr-loader/index.js?{"absolute500Path":"",
"absoluteAppPath":"next/dist/pages/_app","absoluteDocumentPath":"next/dist/pages/_docum
ent","absoluteErrorPath":"next/dist/pages/_error","absolutePagePath":"private-next-app-
dir/(main)/page.tsx","dev":false,"isServerComponent":true,"page":"/(main)/page","string
ifiedConfig":"eyJlbnYiOnt9LCJ3ZWJwYWNrIjpudWxsLCJlc2xpbnQiOnsiaWdub3JlRHVyaW5nQnVpbGRzI
jpmYWxzZX0sInR5cGVzY3JpcHQiOnsiaWdub3JlQnVpbGRFcnJvcnMiOmZhbHNlLCJ0c2NvbmZpZ1BhdGgiOiJ0
c2NvbmZpZy5qc29uIn0sInR5cGVkUm91dGVzIjpmYWxzZSwiZGlzdERpciI6Ii5uZXh0IiwiY2xlYW5EaXN0RGl
yIjp0cnVlLCJhc3NldFByZWZpeCI6IiIsImNhY2hlTWF4TWVtb3J5U2l6ZSI6NTI0Mjg4MDAsImNvbmZpZ09yaW
dpbiI6Im5leHQuY29uZmlnLnRzIiwidXNlRmlsZVN5c3RlbVB1YmxpY1JvdXRlcyI6dHJ1ZSwiZ2VuZXJhdGVFd
GFncyI6dHJ1ZSwicGFnZUV4dGVuc2lvbnMiOlsidHN4IiwidHMiLCJqc3giLCJqcyJdLCJwb3dlcmVkQnlIZWFk
ZXIiOnRydWUsImNvbXByZXNzIjp0cnVlLCJpbWFnZXMiOnsiZGV2aWNlU2l6ZXMiOls2NDAsNzUwLDgyOCwxMDg
wLDEyMDAsMTkyMCwyMDQ4LDM4NDBdLCJpbWFnZVNpemVzIjpbMTYsMzIsNDgsNjQsOTYsMTI4LDI1NiwzODRdLC
JwYXRoIjoiL19uZXh0L2ltYWdlIiwibG9hZGVyIjoiZGVmYXVsdCIsImxvYWRlckZpbGUiOiIiLCJkb21haW5zI
jpbXSwiZGlzYWJsZVN0YXRpY0ltYWdlcyI6ZmFsc2UsIm1pbmltdW1DYWNoZVRUTCI6NjAsImZvcm1hdHMiOlsi
aW1hZ2UvYXZpZiIsImltYWdlL3dlYnAiXSwiZGFuZ2Vyb3VzbHlBbGxvd1NWRyI6ZmFsc2UsImNvbnRlbnRTZWN
1cml0eVBvbGljeSI6InNjcmlwdC1zcmMgJ25vbmUnOyBmcmFtZS1zcmMgJ25vbmUnOyBzYW5kYm94OyIsImNvbn
RlbnREaXNwb3NpdGlvblR5cGUiOiJhdHRhY2htZW50IiwicmVtb3RlUGF0dGVybnMiOlt7InByb3RvY29sIjoia
HR0cHMiLCJob3N0bmFtZSI6ImNkbi5zaG9waWZ5LmNvbSIsInBhdGhuYW1lIjoiL3MvZmlsZXMvKioifSx7InBy
b3RvY29sIjoiaHR0cHMiLCJob3N0bmFtZSI6InZpYS5wbGFjZWhvbGRlci5jb20iLCJwYXRobmFtZSI6Ii8qKiJ
9LHsicHJvdG9jb2wiOiJodHRwIiwiaG9zdG5hbWUiOiJsb2NhbGhvc3QiLCJwb3J0IjoiMzAwMSIsInBhdGhuYW
1lIjoiL3VwbG9hZHMvKioifSx7InByb3RvY29sIjoiaHR0cHMiLCJob3N0bmFtZSI6ImtoYWluZ3V5ZW5waGFyb
WEub25yZW5kZXIuY29tIiwicGF0aG5hbWUiOiIvdXBsb2Fkcy8qKiJ9LHsicHJvdG9jb2wiOiJodHRwcyIsImhv
c3RuYW1lIjoicmVzLmNsb3VkaW5hcnkuY29tIiwicGF0aG5hbWUiOiIvKioifV0sInVub3B0aW1pemVkIjpmYWx
zZX0sImRldkluZGljYXRvcnMiOnsicG9zaXRpb24iOiJib3R0b20tbGVmdCJ9LCJvbkRlbWFuZEVudHJpZXMiOn
sibWF4SW5hY3RpdmVBZ2UiOjYwMDAwLCJwYWdlc0J1ZmZlckxlbmd0aCI6NX0sImFtcCI6eyJjYW5vbmljYWxCY
XNlIjoiIn0sImJhc2VQYXRoIjoiIiwic2Fzc09wdGlvbnMiOnt9LCJ0cmFpbGluZ1NsYXNoIjpmYWxzZSwiaTE4
biI6bnVsbCwicHJvZHVjdGlvbkJyb3dzZXJTb3VyY2VNYXBzIjpmYWxzZSwiZXhjbHVkZURlZmF1bHRNb21lbnR
Mb2NhbGVzIjp0cnVlLCJzZXJ2ZXJSdW50aW1lQ29uZmlnIjp7fSwicHVibGljUnVudGltZUNvbmZpZyI6e30sIn
JlYWN0UHJvZHVjdGlvblByb2ZpbGluZyI6ZmFsc2UsInJlYWN0U3RyaWN0TW9kZSI6bnVsbCwicmVhY3RNYXhIZ
WFkZXJzTGVuZ3RoIjo2MDAwLCJodHRwQWdlbnRPcHRpb25zIjp7ImtlZXBBbGl2ZSI6dHJ1ZX0sImxvZ2dpbmci
Ont9LCJjb21waWxlciI6e30sImV4cGlyZVRpbWUiOjMxNTM2MDAwLCJzdGF0aWNQYWdlR2VuZXJhdGlvblRpbWV
vdXQiOjYwLCJtb2R1bGFyaXplSW1wb3J0cyI6eyJAbXVpL2ljb25zLW1hdGVyaWFsIjp7InRyYW5zZm9ybSI6Ik
BtdWkvaWNvbnMtbWF0ZXJpYWwve3ttZW1iZXJ9fSJ9LCJsb2Rhc2giOnsidHJhbnNmb3JtIjoibG9kYXNoL3t7b
WVtYmVyfX0ifX0sIm91dHB1dEZpbGVUcmFjaW5nUm9vdCI6IkQ6XFxkZXBsb3lfd2ViXFxLaGFpbmd1eWVucGhh
cm1hXFxjb21tZXJjZSIsImV4cGVyaW1lbnRhbCI6eyJ1c2VTa2V3Q29va2llIjpmYWxzZSwiY2FjaGVMaWZlIjp
7ImRlZmF1bHQiOnsic3RhbGUiOjMwMCwicmV2YWxpZGF0ZSI6OTAwLCJleHBpcmUiOjQyOTQ5NjcyOTR9LCJzZW
NvbmRzIjp7InN0YWxlIjozMCwicmV2YWxpZGF0ZSI6MSwiZXhwaXJlIjo2MH0sIm1pbnV0ZXMiOnsic3RhbGUiO
jMwMCwicmV2YWxpZGF0ZSI6NjAsImV4cGlyZSI6MzYwMH0sImhvdXJzIjp7InN0YWxlIjozMDAsInJldmFsaWRh
dGUiOjM2MDAsImV4cGlyZSI6ODY0MDB9LCJkYXlzIjp7InN0YWxlIjozMDAsInJldmFsaWRhdGUiOjg2NDAwLCJ
leHBpcmUiOjYwNDgwMH0sIndlZWtzIjp7InN0YWxlIjozMDAsInJldmFsaWRhdGUiOjYwNDgwMCwiZXhwaXJlIj
oyNTkyMDAwfSwibWF4Ijp7InN0YWxlIjozMDAsInJldmFsaWRhdGUiOjI1OTIwMDAsImV4cGlyZSI6NDI5NDk2N
zI5NH19LCJjYWNoZUhhbmRsZXJzIjp7fSwiY3NzQ2h1bmtpbmciOnRydWUsIm11bHRpWm9uZURyYWZ0TW9kZSI6
ZmFsc2UsImFwcE5hdkZhaWxIYW5kbGluZyI6ZmFsc2UsInByZXJlbmRlckVhcmx5RXhpdCI6dHJ1ZSwic2VydmV
yTWluaWZpY2F0aW9uIjp0cnVlLCJzZXJ2ZXJTb3VyY2VNYXBzIjpmYWxzZSwibGlua05vVG91Y2hTdGFydCI6Zm
Fsc2UsImNhc2VTZW5zaXRpdmVSb3V0ZXMiOmZhbHNlLCJjbGllbnRTZWdtZW50Q2FjaGUiOmZhbHNlLCJjbGllb
nRQYXJhbVBhcnNpbmciOmZhbHNlLCJkeW5hbWljT25Ib3ZlciI6ZmFsc2UsInByZWxvYWRFbnRyaWVzT25TdGFy
dCI6dHJ1ZSwiY2xpZW50Um91dGVyRmlsdGVyIjp0cnVlLCJjbGllbnRSb3V0ZXJGaWx0ZXJSZWRpcmVjdHMiOmZ
hbHNlLCJmZXRjaENhY2hlS2V5UHJlZml4IjoiIiwibWlkZGxld2FyZVByZWZldGNoIjoiZmxleGlibGUiLCJvcH
RpbWlzdGljQ2xpZW50Q2FjaGUiOnRydWUsIm1hbnVhbENsaWVudEJhc2VQYXRoIjpmYWxzZSwiY3B1cyI6MTksI
m1lbW9yeUJhc2VkV29ya2Vyc0NvdW50IjpmYWxzZSwiaW1nT3B0Q29uY3VycmVuY3kiOm51bGwsImltZ09wdFRp
bWVvdXRJblNlY29uZHMiOjcsImltZ09wdE1heElucHV0UGl4ZWxzIjoyNjg0MDI2ODksImltZ09wdFNlcXVlbnR
pYWxSZWFkIjpudWxsLCJpbWdPcHRTa2lwTWV0YWRhdGEiOm51bGwsImlzckZsdXNoVG9EaXNrIjp0cnVlLCJ3b3
JrZXJUaHJlYWRzIjpmYWxzZSwib3B0aW1pemVDc3MiOmZhbHNlLCJuZXh0U2NyaXB0V29ya2VycyI6ZmFsc2UsI
nNjcm9sbFJlc3RvcmF0aW9uIjpmYWxzZSwiZXh0ZXJuYWxEaXIiOmZhbHNlLCJkaXNhYmxlT3B0aW1pemVkTG9h
ZGluZyI6ZmFsc2UsImd6aXBTaXplIjp0cnVlLCJjcmFDb21wYXQiOmZhbHNlLCJlc21FeHRlcm5hbHMiOnRydWU
sImZ1bGx5U3BlY2lmaWVkIjpmYWxzZSwic3djVHJhY2VQcm9maWxpbmciOmZhbHNlLCJmb3JjZVN3Y1RyYW5zZm
9ybXMiOmZhbHNlLCJsYXJnZVBhZ2VEYXRhQnl0ZXMiOjEyODAwMCwidHlwZWRFbnYiOmZhbHNlLCJwYXJhbGxlb
FNlcnZlckNvbXBpbGVzIjpmYWxzZSwicGFyYWxsZWxTZXJ2ZXJCdWlsZFRyYWNlcyI6ZmFsc2UsInBwciI6ZmFs
c2UsImF1dGhJbnRlcnJ1cHRzIjpmYWxzZSwid2VicGFja01lbW9yeU9wdGltaXphdGlvbnMiOmZhbHNlLCJvcHR
pbWl6ZVNlcnZlclJlYWN0Ijp0cnVlLCJ2aWV3VHJhbnNpdGlvbiI6ZmFsc2UsInJvdXRlckJGQ2FjaGUiOmZhbH
NlLCJyZW1vdmVVbmNhdWdodEVycm9yQW5kUmVqZWN0aW9uTGlzdGVuZXJzIjpmYWxzZSwidmFsaWRhdGVSU0NSZ
XF1ZXN0SGVhZGVycyI6ZmFsc2UsInN0YWxlVGltZXMiOnsiZHluYW1pYyI6MCwic3RhdGljIjozMDB9LCJzZXJ2
ZXJDb21wb25lbnRzSG1yQ2FjaGUiOnRydWUsInN0YXRpY0dlbmVyYXRpb25NYXhDb25jdXJyZW5jeSI6OCwic3R
hdGljR2VuZXJhdGlvbk1pblBhZ2VzUGVyV29ya2VyIjoyNSwiY2FjaGVDb21wb25lbnRzIjpmYWxzZSwiaW5saW
5lQ3NzIjpmYWxzZSwidXNlQ2FjaGUiOmZhbHNlLCJnbG9iYWxOb3RGb3VuZCI6ZmFsc2UsImRldnRvb2xTZWdtZ
W50RXhwbG9yZXIiOnRydWUsImJyb3dzZXJEZWJ1Z0luZm9JblRlcm1pbmFsIjpmYWxzZSwib3B0aW1pemVSb3V0
ZXJTY3JvbGxpbmciOmZhbHNlLCJtaWRkbGV3YXJlQ2xpZW50TWF4Qm9keVNpemUiOjEwNDg1NzYwLCJvcHRpbWl
6ZVBhY2thZ2VJbXBvcnRzIjpbImx1Y2lkZS1yZWFjdCIsImRhdGUtZm5zIiwibG9kYXNoLWVzIiwicmFtZGEiLC
JhbnRkIiwicmVhY3QtYm9vdHN0cmFwIiwiYWhvb2tzIiwiQGFudC1kZXNpZ24vaWNvbnMiLCJAaGVhZGxlc3N1a
S9yZWFjdCIsIkBoZWFkbGVzc3VpLWZsb2F0L3JlYWN0IiwiQGhlcm9pY29ucy9yZWFjdC8yMC9zb2xpZCIsIkBo
ZXJvaWNvbnMvcmVhY3QvMjQvc29saWQiLCJAaGVyb2ljb25zL3JlYWN0LzI0L291dGxpbmUiLCJAdmlzeC92aXN
4IiwiQHRyZW1vci9yZWFjdCIsInJ4anMiLCJAbXVpL21hdGVyaWFsIiwiQG11aS9pY29ucy1tYXRlcmlhbCIsIn
JlY2hhcnRzIiwicmVhY3QtdXNlIiwiZWZmZWN0IiwiQGVmZmVjdC9zY2hlbWEiLCJAZWZmZWN0L3BsYXRmb3JtI
iwiQGVmZmVjdC9wbGF0Zm9ybS1ub2RlIiwiQGVmZmVjdC9wbGF0Zm9ybS1icm93c2VyIiwiQGVmZmVjdC9wbGF0
Zm9ybS1idW4iLCJAZWZmZWN0L3NxbCIsIkBlZmZlY3Qvc3FsLW1zc3FsIiwiQGVmZmVjdC9zcWwtbXlzcWwyIiw
iQGVmZmVjdC9zcWwtcGciLCJAZWZmZWN0L3NxbC1zcWxpdGUtbm9kZSIsIkBlZmZlY3Qvc3FsLXNxbGl0ZS1idW
4iLCJAZWZmZWN0L3NxbC1zcWxpdGUtd2FzbSIsIkBlZmZlY3Qvc3FsLXNxbGl0ZS1yZWFjdC1uYXRpdmUiLCJAZ
WZmZWN0L3JwYyIsIkBlZmZlY3QvcnBjLWh0dHAiLCJAZWZmZWN0L3R5cGVjbGFzcyIsIkBlZmZlY3QvZXhwZXJp
bWVudGFsIiwiQGVmZmVjdC9vcGVudGVsZW1ldHJ5IiwiQG1hdGVyaWFsLXVpL2NvcmUiLCJAbWF0ZXJpYWwtdWk
vaWNvbnMiLCJAdGFibGVyL2ljb25zLXJlYWN0IiwibXVpLWNvcmUiLCJyZWFjdC1pY29ucy9haSIsInJlYWN0LW
ljb25zL2JpIiwicmVhY3QtaWNvbnMvYnMiLCJyZWFjdC1pY29ucy9jZyIsInJlYWN0LWljb25zL2NpIiwicmVhY
3QtaWNvbnMvZGkiLCJyZWFjdC1pY29ucy9mYSIsInJlYWN0LWljb25zL2ZhNiIsInJlYWN0LWljb25zL2ZjIiwi
cmVhY3QtaWNvbnMvZmkiLCJyZWFjdC1pY29ucy9naSIsInJlYWN0LWljb25zL2dvIiwicmVhY3QtaWNvbnMvZ3I
iLCJyZWFjdC1pY29ucy9oaSIsInJlYWN0LWljb25zL2hpMiIsInJlYWN0LWljb25zL2ltIiwicmVhY3QtaWNvbn
MvaW8iLCJyZWFjdC1pY29ucy9pbzUiLCJyZWFjdC1pY29ucy9saWEiLCJyZWFjdC1pY29ucy9saWIiLCJyZWFjd
C1pY29ucy9sdSIsInJlYWN0LWljb25zL21kIiwicmVhY3QtaWNvbnMvcGkiLCJyZWFjdC1pY29ucy9yaSIsInJl
YWN0LWljb25zL3J4IiwicmVhY3QtaWNvbnMvc2kiLCJyZWFjdC1pY29ucy9zbCIsInJlYWN0LWljb25zL3RiIiw
icmVhY3QtaWNvbnMvdGZpIiwicmVhY3QtaWNvbnMvdGkiLCJyZWFjdC1pY29ucy92c2MiLCJyZWFjdC1pY29ucy
93aSJdfSwiaHRtbExpbWl0ZWRCb3RzIjoiW1xcdy1dKy1Hb29nbGV8R29vZ2xlLVtcXHctXSt8Q2hyb21lLUxpZ
2h0aG91c2V8U2x1cnB8RHVja0R1Y2tCb3R8YmFpZHVzcGlkZXJ8eWFuZGV4fHNvZ291fGJpdGx5Ym90fHR1bWJs
cnx2a1NoYXJlfHF1b3JhIGxpbmsgcHJldmlld3xyZWRkaXRib3R8aWFfYXJjaGl2ZXJ8QmluZ2JvdHxCaW5nUHJ
ldmlld3xhcHBsZWJvdHxmYWNlYm9va2V4dGVybmFsaGl0fGZhY2Vib29rY2F0YWxvZ3xUd2l0dGVyYm90fExpbm
tlZEluQm90fFNsYWNrYm90fERpc2NvcmRib3R8V2hhdHNBcHB8U2t5cGVVcmlQcmV2aWV3fFlldGl8Z29vZ2xld
2VibGlnaHQiLCJidW5kbGVQYWdlc1JvdXRlckRlcGVuZGVuY2llcyI6ZmFsc2UsImNvbmZpZ0ZpbGUiOiJEOlxc
ZGVwbG95X3dlYlxcS2hhaW5ndXllbnBoYXJtYVxcY29tbWVyY2VcXG5leHQuY29uZmlnLnRzIiwiY29uZmlnRml
sZU5hbWUiOiJuZXh0LmNvbmZpZy50cyIsInR1cmJvcGFjayI6eyJyb290IjoiRDpcXGRlcGxveV93ZWJcXEtoYW
luZ3V5ZW5waGFybWFcXGNvbW1lcmNlIn19","pagesType":"app","appDirLoader":"bmV4dC1hcHAtbG9hZ
GVyP25hbWU9YXBwJTJGKG1haW4pJTJGcGFnZSZwYWdlPSUyRihtYWluKSUyRnBhZ2UmcGFnZVBhdGg9cHJpdmF0
ZS1uZXh0LWFwcC1kaXIlMkYobWFpbiklMkZwYWdlLnRzeCZhcHBEaXI9RCUzQSU1Q2RlcGxveV93ZWIlNUNLaGF
pbmd1eWVucGhhcm1hJTVDY29tbWVyY2UlNUNhcHAmYXBwUGF0aHM9JTJGKG1haW4pJTJGcGFnZSZwYWdlRXh0ZW
5zaW9ucz10c3gmcGFnZUV4dGVuc2lvbnM9dHMmcGFnZUV4dGVuc2lvbnM9anN4JnBhZ2VFeHRlbnNpb25zPWpzJ
mJhc2VQYXRoPSZhc3NldFByZWZpeD0mbmV4dENvbmZpZ091dHB1dD0mcHJlZmVycmVkUmVnaW9uPSZtaWRkbGV3
YXJlQ29uZmlnPWUzMCUzRCZpc0dsb2JhbE5vdEZvdW5kRW5hYmxlZD0h","sriEnabled":false,"middlewar
eConfig":"e30=","cacheHandlers":"{}"}!


> Build failed because of webpack errors
Waiting for the debugger to disconnect...
Waiting for the debugger to disconnect...
